<?xml version="1.0" encoding="UTF-8"?>
<!-- Generated by org.testng.reporters.JUnitReportReporter -->
<testsuite skipped="0" hostname="Sucheendra-PC" name="com.abc.magento.Script7" tests="2" failures="0" timestamp="26 Aug 2018 14:54:48 GMT" time="52.098" errors="0">
  <testcase name="positiveCredential1" time="23.681" classname="com.abc.magento.Script7"/>
  <testcase name="positiveCredential1" time="28.417" classname="com.abc.magento.Script7"/>
</testsuite> <!-- com.abc.magento.Script7 -->
