<?xml version="1.0" encoding="UTF-8"?>
<!-- Generated by org.testng.reporters.JUnitReportReporter -->
<testsuite skipped="0" hostname="Sucheendra-PC" name="com.abc.test.Script2" tests="2" failures="0" timestamp="22 Aug 2018 17:43:39 GMT" time="0.011" errors="0">
  <testcase name="positiveCredential1" time="0.007" classname="com.abc.test.Script2"/>
  <testcase name="positiveCredential2" time="0.004" classname="com.abc.test.Script2"/>
</testsuite> <!-- com.abc.test.Script2 -->
