<?xml version="1.0" encoding="UTF-8"?>
<!-- Generated by org.testng.reporters.JUnitReportReporter -->
<testsuite skipped="0" hostname="Sucheendra-PC" name="com.abc.test.Script1" tests="1" failures="0" timestamp="22 Aug 2018 17:23:06 GMT" time="0.010" errors="0">
  <testcase name="positiveCredential2" time="0.010" classname="com.abc.test.Script1"/>
</testsuite> <!-- com.abc.test.Script1 -->
