<?xml version="1.0" encoding="UTF-8"?>
<!-- Generated by org.testng.reporters.JUnitReportReporter -->
<testsuite skipped="0" hostname="Sucheendra-PC" name="com.abc.magento.Script3" tests="5" failures="0" timestamp="21 Aug 2018 04:18:46 GMT" time="0.020" errors="0">
  <testcase name="positiveCredential1" time="0.010" classname="com.abc.magento.Script3"/>
  <testcase name="positiveCredential5" time="0.003" classname="com.abc.magento.Script3"/>
  <testcase name="positiveCredential2" time="0.002" classname="com.abc.magento.Script3"/>
  <testcase name="positiveCredential3" time="0.002" classname="com.abc.magento.Script3"/>
  <testcase name="positiveCredential4" time="0.003" classname="com.abc.magento.Script3"/>
</testsuite> <!-- com.abc.magento.Script3 -->
