<?xml version="1.0" encoding="UTF-8"?>
<!-- Generated by org.testng.reporters.JUnitReportReporter -->
<testsuite skipped="0" hostname="Sucheendra-PC" name="com.abc.test.Script3" tests="4" failures="0" timestamp="23 Aug 2018 07:05:40 GMT" time="0.000" errors="0">
  <testcase name="positiveCredential2" time="0.000" classname="com.abc.test.Script3"/>
  <testcase name="positiveCredential1" time="0.000" classname="com.abc.test.Script3"/>
  <testcase name="positiveCredential1" time="0.000" classname="com.abc.test.Script3"/>
  <testcase name="positiveCredential2" time="0.000" classname="com.abc.test.Script3"/>
</testsuite> <!-- com.abc.test.Script3 -->
