<?xml version="1.0" encoding="UTF-8"?>
<!-- Generated by org.testng.reporters.JUnitReportReporter -->
<testsuite skipped="0" hostname="Sucheendra-PC" name="com.abc.test.Script4" tests="1" failures="0" timestamp="23 Aug 2018 07:47:49 GMT" time="0.009" errors="0">
  <testcase name="positiveCredential2" time="0.009" classname="com.abc.test.Script4"/>
</testsuite> <!-- com.abc.test.Script4 -->
