<?xml version="1.0" encoding="UTF-8"?>
<!-- Generated by org.testng.reporters.JUnitReportReporter -->
<testsuite skipped="0" hostname="Sucheendra-PC" name="com.abc.magento.Script5" tests="2" failures="0" timestamp="23 Aug 2018 07:05:20 GMT" time="0.015" errors="0">
  <testcase name="positiveCredential1" time="0.015" classname="com.abc.magento.Script5"/>
  <testcase name="positiveCredential2" time="0.000" classname="com.abc.magento.Script5"/>
</testsuite> <!-- com.abc.magento.Script5 -->
