<?xml version="1.0" encoding="UTF-8"?>
<!-- Generated by org.testng.reporters.JUnitReportReporter -->
<testsuite skipped="0" hostname="Sucheendra-PC" name="com.abc.demo.Script1" tests="2" failures="0" timestamp="27 Aug 2018 06:27:23 GMT" time="0.016" errors="0">
  <testcase name="positiveCredential1" time="0.016" classname="com.abc.demo.Script1"/>
  <testcase name="positiveCredential1" time="0.000" classname="com.abc.demo.Script1"/>
</testsuite> <!-- com.abc.demo.Script1 -->
