<?xml version="1.0" encoding="UTF-8"?>
<!-- Generated by org.testng.reporters.JUnitReportReporter -->
<testsuite skipped="0" hostname="Sucheendra-PC" name="com.abc.magento.Script1" tests="2" failures="0" timestamp="20 Aug 2018 05:02:12 GMT" time="53.626" errors="0">
  <testcase name="positiveCredential2" time="19.757" classname="com.abc.magento.Script1"/>
  <testcase name="positiveCredential1" time="33.869" classname="com.abc.magento.Script1"/>
</testsuite> <!-- com.abc.magento.Script1 -->
