<?xml version="1.0" encoding="UTF-8"?>
<!-- Generated by org.testng.reporters.JUnitReportReporter -->
<testsuite skipped="0" hostname="Sucheendra-PC" name="com.abc.demo.Script2" tests="2" failures="0" timestamp="27 Aug 2018 06:56:40 GMT" time="51.241" errors="0">
  <testcase name="positiveCredentials1" time="19.486" classname="com.abc.demo.Script2"/>
  <testcase name="positiveCredentials1" time="31.755" classname="com.abc.demo.Script2"/>
</testsuite> <!-- com.abc.demo.Script2 -->
