<?xml version="1.0" encoding="UTF-8"?>
<!-- Generated by org.testng.reporters.JUnitReportReporter -->
<testsuite skipped="0" hostname="Sucheendra-PC" name="com.abc.magento.Script4" tests="5" failures="0" timestamp="23 Aug 2018 07:05:20 GMT" time="0.015" errors="0">
  <testcase name="a_test" time="0.000" classname="com.abc.magento.Script4"/>
  <testcase name="c_test" time="0.000" classname="com.abc.magento.Script4"/>
  <testcase name="b_test" time="0.000" classname="com.abc.magento.Script4"/>
  <testcase name="e_test" time="0.015" classname="com.abc.magento.Script4"/>
  <testcase name="d_test" time="0.000" classname="com.abc.magento.Script4"/>
</testsuite> <!-- com.abc.magento.Script4 -->
