<?xml version="1.0" encoding="UTF-8"?>
<!-- Generated by org.testng.reporters.JUnitReportReporter -->
<testsuite skipped="0" hostname="Sucheendra-PC" name="com.abc.magento.Script6" tests="2" failures="0" timestamp="21 Aug 2018 07:44:39 GMT" time="0.019" errors="0">
  <testcase name="positiveCredentials2" time="0.003" classname="com.abc.magento.Script6"/>
  <testcase name="positiveCredentials1" time="0.016" classname="com.abc.magento.Script6"/>
</testsuite> <!-- com.abc.magento.Script6 -->
