<?xml version="1.0" encoding="UTF-8"?>
<!-- Generated by org.testng.reporters.JUnitReportReporter -->
<testsuite skipped="0" hostname="Sucheendra-PC" name="com.abc.magento.Script2" tests="2" failures="0" timestamp="20 Aug 2018 05:48:59 GMT" time="0.015" errors="0">
  <testcase name="positiveCredential2" time="0.000" classname="com.abc.magento.Script2"/>
  <testcase name="positiveCredential1" time="0.015" classname="com.abc.magento.Script2"/>
</testsuite> <!-- com.abc.magento.Script2 -->
